make all --print-data-base --no-builtin-variables --no-builtin-rules --question
make: *** No rule to make target 'all'.  Stop.

# GNU Make 4.2.1
# Built for x86_64-redhat-linux-gnu
# Copyright (C) 1988-2016 Free Software Foundation, Inc.
# License GPLv3+: GNU GPL version 3 or later <http://gnu.org/licenses/gpl.html>
# This is free software: you are free to change and redistribute it.
# There is NO WARRANTY, to the extent permitted by law.

# Make data base, printed on Thu Apr 21 23:18:46 2022

# Variables

# automatic
<D = $(patsubst %/,%,$(dir $<))
# automatic
?F = $(notdir $?)
# default
.SHELLFLAGS := -c
# environment
VSCODE_AGENT_FOLDER = /home/centos/.vscode-server
# environment
VSCODE_LOG_NATIVE = false
# automatic
?D = $(patsubst %/,%,$(dir $?))
# environment
BASH_SILENCE_DEPRECATION_WARNING = 1
# automatic
@D = $(patsubst %/,%,$(dir $@))
# automatic
@F = $(notdir $@)
# default
MAKE_VERSION := 4.2.1
# makefile
CURDIR := /home/centos/Documents/Gitlab/dvcs/Project
# makefile
SHELL = /bin/sh
# environment
VSCODE_NLS_CONFIG = {"locale":"en","availableLanguages":{}}
# environment
_ = /opt/rh/devtoolset-7/root/usr/bin/make
# makefile
MAKEFILE_LIST := 
# environment
HISTCONTROL = ignoreboth
# 'override' directive
GNUMAKEFLAGS := 
# environment
XDG_DATA_DIRS = /usr/local/share:/usr/share:/var/lib/snapd/desktop
# environment
VSCODE_VERBOSE_LOGGING = true
# environment
INFOPATH = /opt/rh/devtoolset-7/root/usr/share/info:/opt/rh/devtoolset-7/root/usr/share/info
# environment
PCP_DIR = /opt/rh/devtoolset-7/root
# environment
LESSOPEN = ||/usr/bin/lesspipe.sh %s
# environment
VSCODE_CWD = /home/centos
# environment
SSH_CONNECTION = 192.168.41.2 63743 192.168.41.135 22
# environment
PATH = /home/centos/.vscode-server/bin/dfd34e8260c270da74b5c2d86d61aee4b6d56977/bin/remote-cli:/opt/rh/devtoolset-7/root/usr/bin:/opt/rh/devtoolset-7/root/usr/bin:/usr/local/bin:/usr/bin:/usr/local/sbin:/usr/sbin:/var/lib/snapd/snap/bin:/home/centos/.local/bin:/home/centos/bin/usr/bin/:/opt/rh/devtoolset-9/root/usr/bin/:/usr/libexec/gcc/x86_64-redhat-linux/4.8.5/:/home/centos/.fzf/bin:/home/centos/.local/bin:/home/centos/bin
# environment
VSCODE_IPC_HOOK_CLI = /run/user/1000/vscode-ipc-08a5b10f-21e3-48d3-bed4-d6fcbcb5e68d.sock
# environment
XDG_RUNTIME_DIR = /run/user/1000
# environment
VSCODE_LOG_STACK = false
# environment
SELINUX_USE_CURRENT_RANGE = 
# default
.FEATURES := target-specific order-only second-expansion else-if shortest-stem undefine oneshell archives jobserver output-sync check-symlink load
# environment
LS_COLORS = 
# automatic
%F = $(notdir $%)
# environment
VSCODE_PIPE_LOGGING = true
# environment
PWD = /home/centos/Documents/Gitlab/dvcs/Project
# default
.LOADED := 
# automatic
*D = $(patsubst %/,%,$(dir $*))
# environment
MANPATH = /opt/rh/devtoolset-7/root/usr/share/man:/opt/rh/devtoolset-7/root/usr/share/man:
# environment
VSCODE_AMD_ENTRYPOINT = vs/workbench/api/node/extensionHostProcess
# environment
HOME = /home/centos
# environment
LD_LIBRARY_PATH = /opt/rh/devtoolset-7/root/usr/lib64:/opt/rh/devtoolset-7/root/usr/lib:/opt/rh/devtoolset-7/root/usr/lib64/dyninst:/opt/rh/devtoolset-7/root/usr/lib/dyninst:/opt/rh/devtoolset-7/root/usr/lib64:/opt/rh/devtoolset-7/root/usr/lib:/opt/rh/devtoolset-7/root/usr/lib64:/opt/rh/devtoolset-7/root/usr/lib:/opt/rh/devtoolset-7/root/usr/lib64/dyninst:/opt/rh/devtoolset-7/root/usr/lib/dyninst:/opt/rh/devtoolset-7/root/usr/lib64:/opt/rh/devtoolset-7/root/usr/lib
# environment
PERL5LIB = /opt/rh/devtoolset-7/root//usr/lib64/perl5/vendor_perl:/opt/rh/devtoolset-7/root/usr/lib/perl5:/opt/rh/devtoolset-7/root//usr/share/perl5/vendor_perl:/opt/rh/devtoolset-7/root//usr/lib64/perl5/vendor_perl:/opt/rh/devtoolset-7/root/usr/lib/perl5:/opt/rh/devtoolset-7/root//usr/share/perl5/vendor_perl
# environment
LOGNAME = centos
# environment
APPLICATION_INSIGHTS_NO_DIAGNOSTIC_CHANNEL = true
# automatic
+F = $(notdir $+)
# environment
SELINUX_LEVEL_REQUESTED = 
# environment
VSCODE_HANDLES_UNCAUGHT_ERRORS = true
# automatic
^D = $(patsubst %/,%,$(dir $^))
# environment
HOSTNAME = centos7.linuxvmimages.local
# environment
MAKELEVEL := 0
# default
MAKE = $(MAKE_COMMAND)
# default
MAKECMDGOALS := all
# environment
SHLVL = 5
# environment
CC = /usr/bin/gcc
# environment
XDG_SESSION_ID = 27
# environment
USER = centos
# makefile
.DEFAULT_GOAL := 
# automatic
%D = $(patsubst %/,%,$(dir $%))
# default
MAKE_COMMAND := make
# environment
ASAN_OPTIONS = detect_leaks=0
# default
.VARIABLES := 
# automatic
*F = $(notdir $*)
# environment
PYTHONPATH = /opt/rh/devtoolset-7/root/usr/lib64/python2.7/site-packages:/opt/rh/devtoolset-7/root/usr/lib/python2.7/site-packages:/opt/rh/devtoolset-7/root/usr/lib64/python2.7/site-packages:/opt/rh/devtoolset-7/root/usr/lib/python2.7/site-packages
# makefile
MAKEFLAGS = pqrR
# environment
MFLAGS = -pqrR
# environment
SSH_CLIENT = 192.168.41.2 63743 22
# environment
MAIL = /var/spool/mail/centos
# automatic
+D = $(patsubst %/,%,$(dir $+))
# environment
BROWSER = /home/centos/.vscode-server/bin/dfd34e8260c270da74b5c2d86d61aee4b6d56977/bin/helpers/browser.sh
# default
MAKEFILES := 
# automatic
<F = $(notdir $<)
# environment
CXX = /usr/bin/g++
# environment
LC_ALL = C
# automatic
^F = $(notdir $^)
# environment
SELINUX_ROLE_REQUESTED = 
# default
SUFFIXES := 
# environment
HISTSIZE = 1000
# default
.INCLUDE_DIRS = /opt/rh/devtoolset-7/root/usr/include /usr/local/include /usr/include
# environment
VIM_FILES = ~/.vim
# default
.RECIPEPREFIX := 
# default
MAKE_HOST := x86_64-redhat-linux-gnu
# environment
LANG = C
# environment
VSCODE_EXTHOST_WILL_SEND_SOCKET = true
# variable set hash-table stats:
# Load=82/1024=8%, Rehash=0, Collisions=10/104=10%

# Pattern-specific Variable Values

# No pattern-specific variable values.

# Directories

# . (device 64769, inode 201739927): 21 files, no impossibilities.

# 21 files, no impossibilities in 1 directories.

# Implicit Rules

# No implicit rules.

# Files

# Not a target:
all:
#  Command line target.
#  Implicit rule search has been done.
#  File does not exist.
#  File has not been updated.

# Not a target:
Makefile:
#  Implicit rule search has been done.
#  File does not exist.
#  File has been updated.
#  Failed to be updated.

# Not a target:
makefile:
#  Implicit rule search has been done.
#  File does not exist.
#  File has been updated.
#  Failed to be updated.

# Not a target:
.DEFAULT:
#  Implicit rule search has not been done.
#  Modification time never checked.
#  File has not been updated.

# Not a target:
GNUmakefile:
#  Implicit rule search has been done.
#  File does not exist.
#  File has been updated.
#  Failed to be updated.

# files hash-table stats:
# Load=6/1024=1%, Rehash=0, Collisions=0/15=0%
# VPATH Search Paths

# No 'vpath' search paths.

# No general ('VPATH' variable) search path.

# strcache buffers: 1 (0) / strings = 30 / storage = 338 B / avg = 11 B
# current buf: size = 8162 B / used = 338 B / count = 30 / avg = 11 B

# strcache performance: lookups = 32 / hit rate = 6%
# hash-table stats:
# Load=30/8192=0%, Rehash=0, Collisions=1/32=3%
# Finished Make data base on Thu Apr 21 23:18:46 2022

 
