[10:29:54.166][info] [#0:/home/centos/.config/coc/extensions/coc-sumneko-lua-data/sumneko-lua-ls/extension/server/main.lua:65]: Lua Lsp startup, root: 	/home/centos/.config/coc/extensions/coc-sumneko-lua-data/sumneko-lua-ls/extension/server
[10:29:54.166][info] [#0:/home/centos/.config/coc/extensions/coc-sumneko-lua-data/sumneko-lua-ls/extension/server/main.lua:66]: ROOT:	/home/centos/.config/coc/extensions/coc-sumneko-lua-data/sumneko-lua-ls/extension/server
[10:29:54.166][info] [#0:/home/centos/.config/coc/extensions/coc-sumneko-lua-data/sumneko-lua-ls/extension/server/main.lua:67]: LOGPATH:	/home/centos/.config/coc/extensions/coc-sumneko-lua-data/sumneko-lua-ls/extension/server/log
[10:29:54.166][info] [#0:/home/centos/.config/coc/extensions/coc-sumneko-lua-data/sumneko-lua-ls/extension/server/main.lua:68]: METAPATH:	/home/centos/.config/coc/extensions/coc-sumneko-lua-data/sumneko-lua-ls/extension/server/meta
[10:29:54.169][info] [#0:/home/centos/.config/coc/extensions/coc-sumneko-lua-data/sumneko-lua-ls/extension/server/main.lua:69]: VERSION:	3.2.2
[10:29:54.363][info] [#0:script/service/service.lua:141]: 
========= Medical Examination Report =========
    --------------- Memory ---------------
        Total: 1.489 MB
        # 00 : 1.489 MB
        # 01 : 0.000 MB
        # 02 : 0.000 MB
        # 03 : 0.000 MB
        # 04 : 0.000 MB
    --------------- Coroutine ---------------
        Total:     0
        Running:   0
        Suspended: 0
        Normal:    0
        Dead:      0
    --------------- Cache ---------------
        Total: 1
        Dead:  0
    ---------------  RPC  ---------------
        Holdon:   0
        Waiting:  0
==============================================
[10:29:54.602][info] [#0:script/language.lua:137]: VSC language: en-us
[10:29:54.602][info] [#0:script/language.lua:138]: LS  language: en-us
[10:29:54.602][info] [#0:script/workspace/workspace.lua:38]: Workspace init root: 	file:///home/centos/Documents/Gitlab/dvcs/Project
[10:29:54.602][info] [#0:script/workspace/workspace.lua:42]: Log path: 	/home/centos/.config/coc/extensions/coc-sumneko-lua-data/sumneko-lua-ls/extension/server/log/file_home_centos_Documents_Gitlab_dvcs_Project.log
[10:29:54.602][info] [#0:script/workspace/workspace.lua:48]: Workspace create: 	file:///home/centos/Documents/Gitlab/dvcs/Project
[10:29:54.908][info] [#0:script/provider/provider.lua:40]: Load config from client	file:///home/centos/Documents/Gitlab/dvcs/Project
[10:29:54.908][info] [#0:script/provider/completion.lua:43]: Enable completion.
[10:29:55.013][info] [#0:script/provider/provider.lua:54]: Load config from client	fallback
[10:29:55.118][info] [#0:script/library.lua:207]: Init builtin library at:	nil
[10:29:55.146][info] [#0:script/library.lua:207]: Init builtin library at:	file:///home/centos/Documents/Gitlab/dvcs/Project
[10:29:55.174][info] [#0:script/plugin.lua:80]: plugin path:	nil
[10:29:55.174][info] [#0:script/plugin.lua:80]: plugin path:	nil
[10:29:55.175][info] [#0:script/workspace/workspace.lua:278]: Preload start:	file:///home/centos/Documents/Gitlab/dvcs/Project
[10:29:55.180][info] [#0:script/workspace/workspace.lua:284]: Scan files at:	file:///home/centos/Documents/Gitlab/dvcs/Project
[10:29:55.181][info] [#0:script/workspace/workspace.lua:278]: Preload start:	<fallback>
[10:29:55.182][info] [#0:script/workspace/workspace.lua:294]: Scan library at:	file:///home/centos/.config/coc/extensions/coc-sumneko-lua-data/sumneko-lua-ls/extension/server/meta/Lua%205.4%20en-us%20utf8
[10:29:55.926][warn] [#0:script/files.lua:60]: Fix real file uri: file:///home/centos/Documents/Gitlab/dvcs/Project/sdk/rpm/opt/dolby/bin/dvsnmp_trap_warning -> file:///home/centos/Documents/Gitlab/dvcs/Project/sdk/rpm/opt/dolby/bin/dvsnmp_trap
[10:29:57.118][info] [#0:script/workspace/workspace.lua:294]: Scan library at:	file:///home/centos/.config/coc/extensions/coc-sumneko-lua-data/sumneko-lua-ls/extension/server/meta/Lua%205.4%20en-us%20utf8
[10:29:57.120][info] [#0:script/workspace/workspace.lua:308]: Found 11 files at:	<fallback>
[10:29:57.120][info] [#0:script/workspace/loading.lua:152]: Load files from disk:	<fallback>
[10:29:57.120][info] [#0:script/workspace/workspace.lua:308]: Found 13 files at:	file:///home/centos/Documents/Gitlab/dvcs/Project
[10:29:57.120][info] [#0:script/workspace/loading.lua:152]: Load files from disk:	file:///home/centos/Documents/Gitlab/dvcs/Project
[10:29:57.215][info] [#0:script/workspace/loading.lua:164]: Loaded files takes [0.110] sec: <fallback>
[10:29:57.215][info] [#0:script/workspace/loading.lua:173]: Compile files takes [0.000] sec: <fallback>
[10:29:57.215][info] [#0:script/workspace/loading.lua:174]: Loaded finish:	<fallback>
[10:29:57.215][info] [#0:script/workspace/workspace.lua:310]: Preload finish at:	<fallback>
[10:29:57.222][warn] [#0:script/proto/proto.lua:171]: Method [textDocument/didOpen] takes [2.320]sec. {
  jsonrpc = "2.0",
  method = "textDocument/didOpen",
  params = {
    textDocument = {
      languageId = "lua",
      text = '"***"',
      uri = "file:///home/centos/.config/nvim/lua/lspconfig.lua",
      version = 1
    }
  }
}
[10:29:57.226][info] [#0:script/workspace/loading.lua:164]: Loaded files takes [0.130] sec: file:///home/centos/Documents/Gitlab/dvcs/Project
[10:29:57.226][info] [#0:script/workspace/loading.lua:173]: Compile files takes [0.000] sec: file:///home/centos/Documents/Gitlab/dvcs/Project
[10:29:57.226][info] [#0:script/workspace/loading.lua:174]: Loaded finish:	file:///home/centos/Documents/Gitlab/dvcs/Project
[10:29:57.226][info] [#0:script/workspace/workspace.lua:310]: Preload finish at:	file:///home/centos/Documents/Gitlab/dvcs/Project
[10:29:57.226][info] [#0:script/provider/diagnostic.lua:385]: Diagnostics scope [file:///home/centos/Documents/Gitlab/dvcs/Project], files count:[13]
[10:29:57.262][info] [#0:script/provider/diagnostic.lua:402]: Diagnostics scope [file:///home/centos/Documents/Gitlab/dvcs/Project] finished, takes [0.020] sec.
[10:30:06.627][info] [#0:script/provider/diagnostic.lua:385]: Diagnostics scope [<fallback>], files count:[11]
[10:30:06.629][info] [#0:script/provider/diagnostic.lua:402]: Diagnostics scope [<fallback>] finished, takes [0.000] sec.
[10:30:11.676][info] [#0:script/provider/diagnostic.lua:385]: Diagnostics scope [<fallback>], files count:[11]
[10:30:11.676][info] [#0:script/provider/diagnostic.lua:402]: Diagnostics scope [<fallback>] finished, takes [0.000] sec.
[10:30:25.751][info] [#0:script/provider/diagnostic.lua:385]: Diagnostics scope [<fallback>], files count:[11]
[10:30:25.751][info] [#0:script/provider/diagnostic.lua:402]: Diagnostics scope [<fallback>] finished, takes [0.000] sec.
[10:30:39.813][info] [#0:script/provider/diagnostic.lua:385]: Diagnostics scope [<fallback>], files count:[11]
[10:30:39.813][info] [#0:script/provider/diagnostic.lua:402]: Diagnostics scope [<fallback>] finished, takes [0.000] sec.
[10:30:44.834][info] [#0:script/provider/diagnostic.lua:385]: Diagnostics scope [<fallback>], files count:[11]
[10:30:44.835][info] [#0:script/provider/diagnostic.lua:402]: Diagnostics scope [<fallback>] finished, takes [0.000] sec.
[10:30:55.903][info] [#0:script/provider/diagnostic.lua:385]: Diagnostics scope [<fallback>], files count:[11]
[10:30:55.904][info] [#0:script/provider/diagnostic.lua:402]: Diagnostics scope [<fallback>] finished, takes [0.000] sec.
[10:31:01.914][info] [#0:script/provider/diagnostic.lua:385]: Diagnostics scope [<fallback>], files count:[11]
[10:31:01.914][info] [#0:script/provider/diagnostic.lua:402]: Diagnostics scope [<fallback>] finished, takes [0.000] sec.
[10:31:07.934][info] [#0:script/provider/diagnostic.lua:385]: Diagnostics scope [<fallback>], files count:[11]
[10:31:07.935][info] [#0:script/provider/diagnostic.lua:402]: Diagnostics scope [<fallback>] finished, takes [0.000] sec.
[10:31:21.975][info] [#0:script/provider/diagnostic.lua:385]: Diagnostics scope [<fallback>], files count:[11]
[10:31:21.976][info] [#0:script/provider/diagnostic.lua:402]: Diagnostics scope [<fallback>] finished, takes [0.000] sec.
[10:31:40.018][info] [#0:script/provider/diagnostic.lua:385]: Diagnostics scope [<fallback>], files count:[11]
[10:31:40.019][info] [#0:script/provider/diagnostic.lua:402]: Diagnostics scope [<fallback>] finished, takes [0.000] sec.
[10:31:55.575][info] [#0:script/provider/diagnostic.lua:145]: clearDiagnostics	file:///home/centos/.config/nvim/lua/lspconfig.lua
