[10:05:32.022][info] [#0:/home/centos/.config/coc/extensions/coc-sumneko-lua-data/sumneko-lua-ls/extension/server/main.lua:65]: Lua Lsp startup, root: 	/home/centos/.config/coc/extensions/coc-sumneko-lua-data/sumneko-lua-ls/extension/server
[10:05:32.023][info] [#0:/home/centos/.config/coc/extensions/coc-sumneko-lua-data/sumneko-lua-ls/extension/server/main.lua:66]: ROOT:	/home/centos/.config/coc/extensions/coc-sumneko-lua-data/sumneko-lua-ls/extension/server
[10:05:32.023][info] [#0:/home/centos/.config/coc/extensions/coc-sumneko-lua-data/sumneko-lua-ls/extension/server/main.lua:67]: LOGPATH:	/home/centos/.config/coc/extensions/coc-sumneko-lua-data/sumneko-lua-ls/extension/server/log
[10:05:32.023][info] [#0:/home/centos/.config/coc/extensions/coc-sumneko-lua-data/sumneko-lua-ls/extension/server/main.lua:68]: METAPATH:	/home/centos/.config/coc/extensions/coc-sumneko-lua-data/sumneko-lua-ls/extension/server/meta
[10:05:32.023][info] [#0:/home/centos/.config/coc/extensions/coc-sumneko-lua-data/sumneko-lua-ls/extension/server/main.lua:69]: VERSION:	3.2.2
[10:05:32.080][info] [#0:script/service/service.lua:141]: 
========= Medical Examination Report =========
    --------------- Memory ---------------
        Total: 1.489 MB
        # 00 : 1.489 MB
        # 01 : 0.000 MB
        # 02 : 0.000 MB
        # 03 : 0.000 MB
        # 04 : 0.000 MB
    --------------- Coroutine ---------------
        Total:     0
        Running:   0
        Suspended: 0
        Normal:    0
        Dead:      0
    --------------- Cache ---------------
        Total: 1
        Dead:  0
    ---------------  RPC  ---------------
        Holdon:   0
        Waiting:  0
==============================================
[10:05:32.198][info] [#0:script/language.lua:137]: VSC language: en-us
[10:05:32.198][info] [#0:script/language.lua:138]: LS  language: en-us
[10:05:32.198][info] [#0:script/workspace/workspace.lua:38]: Workspace init root: 	file:///usr/lib/clang/14.0.1
[10:05:32.198][info] [#0:script/workspace/workspace.lua:42]: Log path: 	/home/centos/.config/coc/extensions/coc-sumneko-lua-data/sumneko-lua-ls/extension/server/log/file_usr_lib_clang_14.0.1.log
[10:05:32.199][info] [#0:script/workspace/workspace.lua:48]: Workspace create: 	file:///usr/lib/clang/14.0.1
[10:05:32.403][info] [#0:script/provider/provider.lua:40]: Load config from client	file:///usr/lib/clang/14.0.1
[10:05:32.505][info] [#0:script/provider/provider.lua:54]: Load config from client	fallback
[10:05:32.608][info] [#0:script/library.lua:207]: Init builtin library at:	nil
[10:05:32.621][info] [#0:script/library.lua:207]: Init builtin library at:	file:///usr/lib/clang/14.0.1
[10:05:32.638][info] [#0:script/plugin.lua:80]: plugin path:	nil
[10:05:32.638][info] [#0:script/plugin.lua:80]: plugin path:	nil
[10:05:32.638][info] [#0:script/provider/completion.lua:43]: Enable completion.
[10:05:32.638][info] [#0:script/workspace/workspace.lua:278]: Preload start:	file:///usr/lib/clang/14.0.1
[10:05:32.639][info] [#0:script/workspace/workspace.lua:284]: Scan files at:	file:///usr/lib/clang/14.0.1
[10:05:32.640][info] [#0:script/workspace/workspace.lua:278]: Preload start:	<fallback>
[10:05:32.640][info] [#0:script/workspace/workspace.lua:294]: Scan library at:	file:///home/centos/.config/coc/extensions/coc-sumneko-lua-data/sumneko-lua-ls/extension/server/meta/Lua%205.4%20en-us%20utf8
[10:05:32.662][info] [#0:script/workspace/workspace.lua:294]: Scan library at:	file:///home/centos/.config/coc/extensions/coc-sumneko-lua-data/sumneko-lua-ls/extension/server/meta/Lua%205.4%20en-us%20utf8
[10:05:34.199][info] [#0:script/workspace/workspace.lua:308]: Found 11 files at:	<fallback>
[10:05:34.199][info] [#0:script/workspace/loading.lua:152]: Load files from disk:	<fallback>
[10:05:34.199][info] [#0:script/workspace/workspace.lua:308]: Found 11 files at:	file:///usr/lib/clang/14.0.1
[10:05:34.199][info] [#0:script/workspace/loading.lua:152]: Load files from disk:	file:///usr/lib/clang/14.0.1
[10:05:34.254][info] [#0:script/workspace/loading.lua:164]: Loaded files takes [0.050] sec: <fallback>
[10:05:34.254][info] [#0:script/workspace/loading.lua:173]: Compile files takes [0.000] sec: <fallback>
[10:05:34.254][info] [#0:script/workspace/loading.lua:174]: Loaded finish:	<fallback>
[10:05:34.254][info] [#0:script/workspace/workspace.lua:310]: Preload finish at:	<fallback>
[10:05:34.256][info] [#0:script/workspace/loading.lua:164]: Loaded files takes [0.060] sec: file:///usr/lib/clang/14.0.1
[10:05:34.256][info] [#0:script/workspace/loading.lua:173]: Compile files takes [0.000] sec: file:///usr/lib/clang/14.0.1
[10:05:34.256][info] [#0:script/workspace/loading.lua:174]: Loaded finish:	file:///usr/lib/clang/14.0.1
[10:05:34.256][info] [#0:script/workspace/workspace.lua:310]: Preload finish at:	file:///usr/lib/clang/14.0.1
[10:05:34.256][info] [#0:script/provider/diagnostic.lua:385]: Diagnostics scope [file:///usr/lib/clang/14.0.1], files count:[11]
[10:05:34.261][info] [#0:script/provider/diagnostic.lua:402]: Diagnostics scope [file:///usr/lib/clang/14.0.1] finished, takes [0.000] sec.
[10:05:36.201][info] [#0:script/provider/diagnostic.lua:385]: Diagnostics scope [<fallback>], files count:[12]
[10:05:36.209][info] [#0:script/provider/diagnostic.lua:402]: Diagnostics scope [<fallback>] finished, takes [0.000] sec.
[10:05:45.233][info] [#0:script/provider/diagnostic.lua:385]: Diagnostics scope [<fallback>], files count:[11]
[10:05:45.234][info] [#0:script/provider/diagnostic.lua:402]: Diagnostics scope [<fallback>] finished, takes [0.000] sec.
[10:07:25.559][info] [#0:script/provider/diagnostic.lua:385]: Diagnostics scope [<fallback>], files count:[11]
[10:07:25.560][info] [#0:script/provider/diagnostic.lua:402]: Diagnostics scope [<fallback>] finished, takes [0.000] sec.
[10:07:47.670][info] [#0:script/provider/diagnostic.lua:385]: Diagnostics scope [<fallback>], files count:[11]
[10:07:47.671][info] [#0:script/provider/diagnostic.lua:402]: Diagnostics scope [<fallback>] finished, takes [0.000] sec.
[10:08:54.303][info] [#0:script/provider/diagnostic.lua:145]: clearDiagnostics	file:///home/centos/.config/nvim/lua/lspconfig.lua
