[10:29:54.166][info] [#0:/home/centos/.config/coc/extensions/coc-sumneko-lua-data/sumneko-lua-ls/extension/server/main.lua:65]: Lua Lsp startup, root: 	/home/centos/.config/coc/extensions/coc-sumneko-lua-data/sumneko-lua-ls/extension/server
[10:29:54.166][info] [#0:/home/centos/.config/coc/extensions/coc-sumneko-lua-data/sumneko-lua-ls/extension/server/main.lua:66]: ROOT:	/home/centos/.config/coc/extensions/coc-sumneko-lua-data/sumneko-lua-ls/extension/server
[10:29:54.166][info] [#0:/home/centos/.config/coc/extensions/coc-sumneko-lua-data/sumneko-lua-ls/extension/server/main.lua:67]: LOGPATH:	/home/centos/.config/coc/extensions/coc-sumneko-lua-data/sumneko-lua-ls/extension/server/log
[10:29:54.166][info] [#0:/home/centos/.config/coc/extensions/coc-sumneko-lua-data/sumneko-lua-ls/extension/server/main.lua:68]: METAPATH:	/home/centos/.config/coc/extensions/coc-sumneko-lua-data/sumneko-lua-ls/extension/server/meta
[10:29:54.169][info] [#0:/home/centos/.config/coc/extensions/coc-sumneko-lua-data/sumneko-lua-ls/extension/server/main.lua:69]: VERSION:	3.2.2
[10:29:54.363][info] [#0:script/service/service.lua:141]: 
========= Medical Examination Report =========
    --------------- Memory ---------------
        Total: 1.489 MB
        # 00 : 1.489 MB
        # 01 : 0.000 MB
        # 02 : 0.000 MB
        # 03 : 0.000 MB
        # 04 : 0.000 MB
    --------------- Coroutine ---------------
        Total:     0
        Running:   0
        Suspended: 0
        Normal:    0
        Dead:      0
    --------------- Cache ---------------
        Total: 1
        Dead:  0
    ---------------  RPC  ---------------
        Holdon:   0
        Waiting:  0
==============================================
[10:29:54.602][info] [#0:script/language.lua:137]: VSC language: en-us
[10:29:54.602][info] [#0:script/language.lua:138]: LS  language: en-us
[10:29:54.602][info] [#0:script/workspace/workspace.lua:38]: Workspace init root: 	file:///home/centos/Documents/Gitlab/dvcs/Project
[10:29:54.602][info] [#0:script/workspace/workspace.lua:42]: Log path: 	/home/centos/.config/coc/extensions/coc-sumneko-lua-data/sumneko-lua-ls/extension/server/log/file_home_centos_Documents_Gitlab_dvcs_Project.log
